# JRE version: OpenJDK Runtime Environment (20.0+36) (build 20+36-2344)
# Java VM: OpenJDK 64-Bit Server VM (20+36-2344, mixed mode, sharing, tiered, compressed oops, compressed class ptrs, g1 gc, windows-amd64)
GC Precious Log:
 CardTable entry size: 512
 Card Set container configuration: InlinePtr #cards 5 size 8 Array Of Cards #cards 12 size 40 Howl #buckets 4 coarsen threshold 1843 Howl Bitmap #cards 512 size 80 coarsen threshold 460 Card regions per heap region 1 cards per card region 2048
 CPUs: 12 total, 12 available
 Memory: 7930M
 Large Page Support: Disabled
 NUMA Support: Disabled
 Compressed Oops: Enabled (32-bit)
 Heap Region Size: 1M
 Heap Min Capacity: 8M
 Heap Initial Capacity: 8M
 Heap Max Capacity: 1984M
 Pre-touch: Disabled
 Parallel Workers: 10
 Concurrent Workers: 3
 Concurrent Refinement Workers: 10
 Periodic GC: Disabled
Heap:
 garbage-first heap   total 22528K, used 12062K [0x0000000084000000, 0x0000000100000000)
  region size 1024K, 1 young (1024K), 1 survivors (1024K)
 Metaspace       used 10286K, committed 10368K, reserved 1114112K
  class space    used 1180K, committed 1216K, reserved 1048576K
GC Heap History (20 events):
Event: 0.186 GC heap before
{Heap before GC invocations=2 (full 0):
 garbage-first heap   total 8192K, used 2297K [0x0000000084000000, 0x0000000100000000)
  region size 1024K, 2 young (2048K), 1 survivors (1024K)
 Metaspace       used 4358K, committed 4544K, reserved 1114112K
  class space    used 528K, committed 640K, reserved 1048576K
}
Event: 0.187 GC heap after
{Heap after GC invocations=3 (full 0):
 garbage-first heap   total 8192K, used 1718K [0x0000000084000000, 0x0000000100000000)
  region size 1024K, 1 young (1024K), 1 survivors (1024K)
 Metaspace       used 4358K, committed 4544K, reserved 1114112K
  class space    used 528K, committed 640K, reserved 1048576K
}
Event: 0.233 GC heap before
{Heap before GC invocations=3 (full 0):
 garbage-first heap   total 8192K, used 2742K [0x0000000084000000, 0x0000000100000000)
  region size 1024K, 2 young (2048K), 1 survivors (1024K)
 Metaspace       used 6243K, committed 6464K, reserved 1114112K
  class space    used 726K, committed 832K, reserved 1048576K
}
Event: 0.234 GC heap after
{Heap after GC invocations=4 (full 0):
 garbage-first heap   total 8192K, used 2152K [0x0000000084000000, 0x0000000100000000)
  region size 1024K, 1 young (1024K), 1 survivors (1024K)
 Metaspace       used 6243K, committed 6464K, reserved 1114112K
  class space    used 726K, committed 832K, reserved 1048576K
}
Event: 0.253 GC heap before
{Heap before GC invocations=4 (full 0):
 garbage-first heap   total 8192K, used 2152K [0x0000000084000000, 0x0000000100000000)
  region size 1024K, 2 young (2048K), 1 survivors (1024K)
 Metaspace       used 6905K, committed 7104K, reserved 1114112K
  class space    used 808K, committed 896K, reserved 1048576K
}
Event: 0.255 GC heap after
{Heap after GC invocations=5 (full 0):
 garbage-first heap   total 12288K, used 3143K [0x0000000084000000, 0x0000000100000000)
  region size 1024K, 1 young (1024K), 1 survivors (1024K)
 Metaspace       used 6905K, committed 7104K, reserved 1114112K
  class space    used 808K, committed 896K, reserved 1048576K
}
Event: 0.314 GC heap before
{Heap before GC invocations=5 (full 0):
 garbage-first heap   total 12288K, used 5191K [0x0000000084000000, 0x0000000100000000)
  region size 1024K, 3 young (3072K), 1 survivors (1024K)
 Metaspace       used 8153K, committed 8384K, reserved 1114112K
  class space    used 916K, committed 1024K, reserved 1048576K
}
Event: 0.316 GC heap after
{Heap after GC invocations=6 (full 0):
 garbage-first heap   total 12288K, used 3640K [0x0000000084000000, 0x0000000100000000)
  region size 1024K, 1 young (1024K), 1 survivors (1024K)
 Metaspace       used 8153K, committed 8384K, reserved 1114112K
  class space    used 916K, committed 1024K, reserved 1048576K
}
Event: 0.363 GC heap before
{Heap before GC invocations=6 (full 0):
 garbage-first heap   total 12288K, used 5688K [0x0000000084000000, 0x0000000100000000)
  region size 1024K, 4 young (4096K), 1 survivors (1024K)
 Metaspace       used 8710K, committed 8896K, reserved 1114112K
  class space    used 981K, committed 1088K, reserved 1048576K
}
Event: 0.365 GC heap after
{Heap after GC invocations=7 (full 0):
 garbage-first heap   total 12288K, used 5029K [0x0000000084000000, 0x0000000100000000)
  region size 1024K, 1 young (1024K), 1 survivors (1024K)
 Metaspace       used 8710K, committed 8896K, reserved 1114112K
  class space    used 981K, committed 1088K, reserved 1048576K
}
Event: 0.374 GC heap before
{Heap before GC invocations=7 (full 0):
 garbage-first heap   total 12288K, used 7077K [0x0000000084000000, 0x0000000100000000)
  region size 1024K, 3 young (3072K), 1 survivors (1024K)
 Metaspace       used 8716K, committed 8896K, reserved 1114112K
  class space    used 981K, committed 1088K, reserved 1048576K
}
Event: 0.376 GC heap after
{Heap after GC invocations=8 (full 0):
 garbage-first heap   total 12288K, used 6062K [0x0000000084000000, 0x0000000100000000)
  region size 1024K, 1 young (1024K), 1 survivors (1024K)
 Metaspace       used 8716K, committed 8896K, reserved 1114112K
  class space    used 981K, committed 1088K, reserved 1048576K
}
Event: 0.387 GC heap before
{Heap before GC invocations=8 (full 0):
 garbage-first heap   total 12288K, used 8110K [0x0000000084000000, 0x0000000100000000)
  region size 1024K, 3 young (3072K), 1 survivors (1024K)
 Metaspace       used 8738K, committed 8960K, reserved 1114112K
  class space    used 981K, committed 1088K, reserved 1048576K
}
Event: 0.388 GC heap after
{Heap after GC invocations=9 (full 0):
 garbage-first heap   total 22528K, used 6450K [0x0000000084000000, 0x0000000100000000)
  region size 1024K, 1 young (1024K), 1 survivors (1024K)
 Metaspace       used 8738K, committed 8960K, reserved 1114112K
  class space    used 981K, committed 1088K, reserved 1048576K
}
Event: 0.437 GC heap before
{Heap before GC invocations=9 (full 0):
 garbage-first heap   total 22528K, used 12594K [0x0000000084000000, 0x0000000100000000)
  region size 1024K, 7 young (7168K), 1 survivors (1024K)
 Metaspace       used 9056K, committed 9216K, reserved 1114112K
  class space    used 1019K, committed 1088K, reserved 1048576K
}
Event: 0.439 GC heap after
{Heap after GC invocations=10 (full 0):
 garbage-first heap   total 22528K, used 7348K [0x0000000084000000, 0x0000000100000000)
  region size 1024K, 1 young (1024K), 1 survivors (1024K)
 Metaspace       used 9056K, committed 9216K, reserved 1114112K
  class space    used 1019K, committed 1088K, reserved 1048576K
}
Event: 0.459 GC heap before
{Heap before GC invocations=10 (full 0):
 garbage-first heap   total 22528K, used 13492K [0x0000000084000000, 0x0000000100000000)
  region size 1024K, 7 young (7168K), 1 survivors (1024K)
 Metaspace       used 9152K, committed 9344K, reserved 1114112K
  class space    used 1029K, committed 1088K, reserved 1048576K
}
Event: 0.461 GC heap after
{Heap after GC invocations=11 (full 0):
 garbage-first heap   total 22528K, used 8371K [0x0000000084000000, 0x0000000100000000)
  region size 1024K, 1 young (1024K), 1 survivors (1024K)
 Metaspace       used 9152K, committed 9344K, reserved 1114112K
  class space    used 1029K, committed 1088K, reserved 1048576K
}
Event: 0.508 GC heap before
{Heap before GC invocations=11 (full 0):
 garbage-first heap   total 22528K, used 14515K [0x0000000084000000, 0x0000000100000000)
  region size 1024K, 7 young (7168K), 1 survivors (1024K)
 Metaspace       used 9262K, committed 9408K, reserved 1114112K
  class space    used 1039K, committed 1088K, reserved 1048576K
}
Event: 0.511 GC heap after
{Heap after GC invocations=12 (full 0):
 garbage-first heap   total 22528K, used 9722K [0x0000000084000000, 0x0000000100000000)
  region size 1024K, 1 young (1024K), 1 survivors (1024K)
 Metaspace       used 9262K, committed 9408K, reserved 1114112K
  class space    used 1039K, committed 1088K, reserved 1048576K
}

